2025-05-17 00:26:50 [main] INFO  server.managers.PSQLManager - SSH туннель установлен
2025-05-17 00:26:50 [main] INFO  server.managers.PSQLManager - БД подключена
2025-05-17 00:26:50 [main] DEBUG server.managers.PSQLManager - Выгрузка данных с БД...
2025-05-17 00:26:50 [main] DEBUG server.managers.PSQLManager - Данные с БД выгружены
2025-05-17 00:26:50 [main] DEBUG server.managers.PSQLManager - Отключение от БД
2025-05-17 00:26:50 [main] INFO  server.managers.RunManager - Запуск сервера...
2025-05-17 00:26:50 [main] INFO  server.managers.RunManager - Сервер начал слушать на адресе 192.168.0.13 и порту 2909 и обрабатывать запросы
2025-05-17 00:26:58 [main] INFO  client.client.UDPClient - Запуск клиента...
2025-05-17 00:26:58 [main] INFO  client.client.UDPClient - Клиент запущен
2025-05-17 00:27:00 [AWT-EventQueue-0] DEBUG client.client.UDPClient - Отправка запроса на сервер...
2025-05-17 00:27:00 [main] DEBUG server.server.UDPDatagramChannel - Сервер ожидает пакет...
2025-05-17 00:27:00 [main] DEBUG server.server.UDPDatagramChannel - Клиент с адресом /192.168.0.13:64997 подключился
2025-05-17 00:27:00 [AWT-EventQueue-0] DEBUG client.client.UDPClient - Запрос отправлен: Request{message="log_in", data="null" clientAddress="/192.168.0.13:64997"}
2025-05-17 00:27:00 [AWT-EventQueue-0] DEBUG client.client.UDPClient - Ожидание ответа от сервера...
2025-05-17 00:27:00 [main] DEBUG server.server.UDPDatagramChannel - Сервер получил пакет: Request{message="log_in", data="null" clientAddress="/192.168.0.13:64997"} 
2025-05-17 00:27:01 [pool-2-thread-1] INFO  server.managers.PSQLManager - SSH туннель установлен
2025-05-17 00:27:01 [pool-2-thread-1] INFO  server.managers.PSQLManager - БД подключена
2025-05-17 00:27:01 [pool-2-thread-1] DEBUG server.managers.PSQLManager - Отключение от БД
2025-05-17 00:27:01 [Thread-7] DEBUG server.server.UDPDatagramChannel - Сервер отправляет ответ...
2025-05-17 00:27:01 [Thread-7] DEBUG server.server.UDPDatagramChannel - Сервер отправил пакет: Response{message="authorizationIsSuccessful", type=PRINT_MESSAGE, collection=null}
2025-05-17 00:27:01 [AWT-EventQueue-0] DEBUG client.client.UDPClient - Ответ получен: Response{message="authorizationIsSuccessful", type=PRINT_MESSAGE, collection=null}
2025-05-17 00:27:01 [AWT-EventQueue-0] DEBUG client.client.UDPClient - Отправка запроса на сервер...
2025-05-17 00:27:01 [main] DEBUG server.server.UDPDatagramChannel - Сервер ожидает пакет...
2025-05-17 00:27:01 [AWT-EventQueue-0] DEBUG client.client.UDPClient - Запрос отправлен: Request{message="show", data="null" clientAddress="/192.168.0.13:64997"}
2025-05-17 00:27:01 [main] DEBUG server.server.UDPDatagramChannel - Клиент с адресом /192.168.0.13:64997 подключился
2025-05-17 00:27:01 [AWT-EventQueue-0] DEBUG client.client.UDPClient - Ожидание ответа от сервера...
2025-05-17 00:27:01 [main] DEBUG server.server.UDPDatagramChannel - Сервер получил пакет: Request{message="show", data="null" clientAddress="/192.168.0.13:64997"} 
2025-05-17 00:27:01 [Thread-9] DEBUG server.server.UDPDatagramChannel - Сервер отправляет ответ...
2025-05-17 00:27:01 [Thread-9] DEBUG server.server.UDPDatagramChannel - Сервер отправил пакет: Response{message="", type=COLLECTION, collection=[{id=5, name='1', Coordinates={x=2.023, y=1}, creationDate='2025-05-11T04:47:20.591330+03:00[Europe/Moscow]', oscarsCount=12, genre='DRAMA', mpaaRating='G', operator=null}, {id=4, name='salix', Coordinates={x=3.0, y=13}, creationDate='2025-05-11T19:48:16.976063+03:00[Europe/Moscow]', oscarsCount=2, genre='MUSICAL', mpaaRating='PG_13', operator=null}, {id=2, name='3', Coordinates={x=3.0, y=3}, creationDate='2025-04-27T18:17:11.632041+03:00[Europe/Moscow]', oscarsCount=3, genre='HORROR', mpaaRating='PG_13', operator=null}]}
2025-05-17 00:27:01 [AWT-EventQueue-0] DEBUG client.client.UDPClient - Ответ получен: Response{message="", type=COLLECTION, collection=[{id=5, name='1', Coordinates={x=2.023, y=1}, creationDate='2025-05-11T04:47:20.591330+03:00[Europe/Moscow]', oscarsCount=12, genre='DRAMA', mpaaRating='G', operator=null}, {id=4, name='salix', Coordinates={x=3.0, y=13}, creationDate='2025-05-11T19:48:16.976063+03:00[Europe/Moscow]', oscarsCount=2, genre='MUSICAL', mpaaRating='PG_13', operator=null}, {id=2, name='3', Coordinates={x=3.0, y=3}, creationDate='2025-04-27T18:17:11.632041+03:00[Europe/Moscow]', oscarsCount=3, genre='HORROR', mpaaRating='PG_13', operator=null}]}
2025-05-17 00:27:01 [AWT-EventQueue-0] DEBUG client.client.UDPClient - Отправка запроса на сервер...
2025-05-17 00:27:01 [main] DEBUG server.server.UDPDatagramChannel - Сервер ожидает пакет...
2025-05-17 00:27:01 [AWT-EventQueue-0] DEBUG client.client.UDPClient - Запрос отправлен: Request{message="show", data="null" clientAddress="/192.168.0.13:64997"}
2025-05-17 00:27:01 [main] DEBUG server.server.UDPDatagramChannel - Клиент с адресом /192.168.0.13:64997 подключился
2025-05-17 00:27:01 [AWT-EventQueue-0] DEBUG client.client.UDPClient - Ожидание ответа от сервера...
2025-05-17 00:27:01 [main] DEBUG server.server.UDPDatagramChannel - Сервер получил пакет: Request{message="show", data="null" clientAddress="/192.168.0.13:64997"} 
2025-05-17 00:27:01 [Thread-11] DEBUG server.server.UDPDatagramChannel - Сервер отправляет ответ...
2025-05-17 00:27:01 [Thread-11] DEBUG server.server.UDPDatagramChannel - Сервер отправил пакет: Response{message="", type=COLLECTION, collection=[{id=5, name='1', Coordinates={x=2.023, y=1}, creationDate='2025-05-11T04:47:20.591330+03:00[Europe/Moscow]', oscarsCount=12, genre='DRAMA', mpaaRating='G', operator=null}, {id=4, name='salix', Coordinates={x=3.0, y=13}, creationDate='2025-05-11T19:48:16.976063+03:00[Europe/Moscow]', oscarsCount=2, genre='MUSICAL', mpaaRating='PG_13', operator=null}, {id=2, name='3', Coordinates={x=3.0, y=3}, creationDate='2025-04-27T18:17:11.632041+03:00[Europe/Moscow]', oscarsCount=3, genre='HORROR', mpaaRating='PG_13', operator=null}]}
2025-05-17 00:27:01 [AWT-EventQueue-0] DEBUG client.client.UDPClient - Ответ получен: Response{message="", type=COLLECTION, collection=[{id=5, name='1', Coordinates={x=2.023, y=1}, creationDate='2025-05-11T04:47:20.591330+03:00[Europe/Moscow]', oscarsCount=12, genre='DRAMA', mpaaRating='G', operator=null}, {id=4, name='salix', Coordinates={x=3.0, y=13}, creationDate='2025-05-11T19:48:16.976063+03:00[Europe/Moscow]', oscarsCount=2, genre='MUSICAL', mpaaRating='PG_13', operator=null}, {id=2, name='3', Coordinates={x=3.0, y=3}, creationDate='2025-04-27T18:17:11.632041+03:00[Europe/Moscow]', oscarsCount=3, genre='HORROR', mpaaRating='PG_13', operator=null}]}
2025-05-17 00:27:08 [Timer-2] DEBUG client.client.UDPClient - Отправка запроса на сервер...
2025-05-17 00:27:08 [main] DEBUG server.server.UDPDatagramChannel - Сервер ожидает пакет...
2025-05-17 00:27:08 [main] DEBUG server.server.UDPDatagramChannel - Клиент с адресом /192.168.0.13:64997 подключился
2025-05-17 00:27:08 [Timer-2] DEBUG client.client.UDPClient - Запрос отправлен: Request{message="update 5", data="{id=5, name='1', Coordinates={x=2.0232, y=1}, creationDate='2025-05-11T04:47:20.591330+03:00[Europe/Moscow]', oscarsCount=12, genre='DRAMA', mpaaRating='G', operator=null}" clientAddress="/192.168.0.13:64997"}
2025-05-17 00:27:08 [Timer-2] DEBUG client.client.UDPClient - Ожидание ответа от сервера...
2025-05-17 00:27:08 [main] DEBUG server.server.UDPDatagramChannel - Сервер получил пакет: Request{message="update 5", data="{id=5, name='1', Coordinates={x=2.0232, y=1}, creationDate='2025-05-11T04:47:20.591330+03:00[Europe/Moscow]', oscarsCount=12, genre='DRAMA', mpaaRating='G', operator=null}" clientAddress="/192.168.0.13:64997"} 
2025-05-17 00:27:08 [pool-2-thread-1] INFO  server.commands.Update - Выполнение команды...
2025-05-17 00:27:09 [pool-2-thread-1] INFO  server.managers.PSQLManager - SSH туннель установлен
2025-05-17 00:27:09 [pool-2-thread-1] INFO  server.managers.PSQLManager - БД подключена
2025-05-17 00:27:09 [pool-2-thread-1] DEBUG server.managers.PSQLManager - Отключение от БД
2025-05-17 00:27:09 [pool-2-thread-1] DEBUG server.managers.PSQLManager - Добавление данных в БД: {id=5, name='1', Coordinates={x=2.0232, y=1}, creationDate='2025-05-11T04:47:20.591330+03:00[Europe/Moscow]', oscarsCount=12, genre='DRAMA', mpaaRating='G', operator=null}...
2025-05-17 00:27:09 [pool-2-thread-1] INFO  server.managers.PSQLManager - SSH туннель установлен
2025-05-17 00:27:09 [pool-2-thread-1] INFO  server.managers.PSQLManager - БД подключена
2025-05-17 00:27:10 [pool-2-thread-1] DEBUG server.managers.PSQLManager - Данные в БД добавлены
2025-05-17 00:27:10 [pool-2-thread-1] DEBUG server.managers.PSQLManager - Отключение от БД
2025-05-17 00:27:10 [pool-2-thread-1] INFO  server.commands.Update - Команда выполнена
2025-05-17 00:27:10 [Thread-19] DEBUG server.server.UDPDatagramChannel - Сервер отправляет ответ...
2025-05-17 00:27:10 [Thread-19] DEBUG server.server.UDPDatagramChannel - Сервер отправил пакет: Response{message="[32mЭлемент с id 5 успешно обновлен
[0m", type=PRINT_MESSAGE, collection=null}
2025-05-17 00:27:10 [Timer-2] DEBUG client.client.UDPClient - Ответ получен: Response{message="[32mЭлемент с id 5 успешно обновлен
[0m", type=PRINT_MESSAGE, collection=null}
2025-05-17 00:27:10 [Timer-4] DEBUG client.client.UDPClient - Отправка запроса на сервер...
2025-05-17 00:27:10 [main] DEBUG server.server.UDPDatagramChannel - Сервер ожидает пакет...
2025-05-17 00:27:10 [main] DEBUG server.server.UDPDatagramChannel - Клиент с адресом /192.168.0.13:64997 подключился
2025-05-17 00:27:10 [Timer-4] DEBUG client.client.UDPClient - Запрос отправлен: Request{message="update 5", data="{id=5, name='1', Coordinates={x=2.0232, y=1}, creationDate='2025-05-11T04:47:20.591330+03:00[Europe/Moscow]', oscarsCount=122, genre='DRAMA', mpaaRating='G', operator=null}" clientAddress="/192.168.0.13:64997"}
2025-05-17 00:27:10 [Timer-4] DEBUG client.client.UDPClient - Ожидание ответа от сервера...
2025-05-17 00:27:10 [main] DEBUG server.server.UDPDatagramChannel - Сервер получил пакет: Request{message="update 5", data="{id=5, name='1', Coordinates={x=2.0232, y=1}, creationDate='2025-05-11T04:47:20.591330+03:00[Europe/Moscow]', oscarsCount=122, genre='DRAMA', mpaaRating='G', operator=null}" clientAddress="/192.168.0.13:64997"} 
2025-05-17 00:27:10 [pool-2-thread-1] INFO  server.commands.Update - Выполнение команды...
2025-05-17 00:27:10 [pool-2-thread-1] INFO  server.managers.PSQLManager - SSH туннель установлен
2025-05-17 00:27:10 [pool-2-thread-1] INFO  server.managers.PSQLManager - БД подключена
2025-05-17 00:27:10 [pool-2-thread-1] DEBUG server.managers.PSQLManager - Отключение от БД
2025-05-17 00:27:10 [pool-2-thread-1] DEBUG server.managers.PSQLManager - Добавление данных в БД: {id=5, name='1', Coordinates={x=2.0232, y=1}, creationDate='2025-05-11T04:47:20.591330+03:00[Europe/Moscow]', oscarsCount=122, genre='DRAMA', mpaaRating='G', operator=null}...
2025-05-17 00:27:10 [pool-2-thread-1] INFO  server.managers.PSQLManager - SSH туннель установлен
2025-05-17 00:27:11 [pool-2-thread-1] INFO  server.managers.PSQLManager - БД подключена
2025-05-17 00:27:11 [pool-2-thread-1] DEBUG server.managers.PSQLManager - Данные в БД добавлены
2025-05-17 00:27:11 [pool-2-thread-1] DEBUG server.managers.PSQLManager - Отключение от БД
2025-05-17 00:27:11 [pool-2-thread-1] INFO  server.commands.Update - Команда выполнена
2025-05-17 00:27:11 [Thread-27] DEBUG server.server.UDPDatagramChannel - Сервер отправляет ответ...
2025-05-17 00:27:11 [Thread-27] DEBUG server.server.UDPDatagramChannel - Сервер отправил пакет: Response{message="[32mЭлемент с id 5 успешно обновлен
[0m", type=PRINT_MESSAGE, collection=null}
2025-05-17 00:27:11 [Timer-4] DEBUG client.client.UDPClient - Ответ получен: Response{message="[32mЭлемент с id 5 успешно обновлен
[0m", type=PRINT_MESSAGE, collection=null}
2025-05-17 00:27:13 [Timer-6] DEBUG client.client.UDPClient - Отправка запроса на сервер...
2025-05-17 00:27:13 [main] DEBUG server.server.UDPDatagramChannel - Сервер ожидает пакет...
2025-05-17 00:27:13 [main] DEBUG server.server.UDPDatagramChannel - Клиент с адресом /192.168.0.13:64997 подключился
2025-05-17 00:27:13 [Timer-6] DEBUG client.client.UDPClient - Запрос отправлен: Request{message="update 5", data="{id=5, name='1', Coordinates={x=2.0232, y=12}, creationDate='2025-05-11T04:47:20.591330+03:00[Europe/Moscow]', oscarsCount=122, genre='DRAMA', mpaaRating='G', operator=null}" clientAddress="/192.168.0.13:64997"}
2025-05-17 00:27:13 [Timer-6] DEBUG client.client.UDPClient - Ожидание ответа от сервера...
2025-05-17 00:27:13 [main] DEBUG server.server.UDPDatagramChannel - Сервер получил пакет: Request{message="update 5", data="{id=5, name='1', Coordinates={x=2.0232, y=12}, creationDate='2025-05-11T04:47:20.591330+03:00[Europe/Moscow]', oscarsCount=122, genre='DRAMA', mpaaRating='G', operator=null}" clientAddress="/192.168.0.13:64997"} 
2025-05-17 00:27:13 [pool-2-thread-1] INFO  server.commands.Update - Выполнение команды...
2025-05-17 00:27:13 [pool-2-thread-1] INFO  server.managers.PSQLManager - SSH туннель установлен
2025-05-17 00:27:13 [pool-2-thread-1] INFO  server.managers.PSQLManager - БД подключена
2025-05-17 00:27:13 [pool-2-thread-1] DEBUG server.managers.PSQLManager - Отключение от БД
2025-05-17 00:27:13 [pool-2-thread-1] DEBUG server.managers.PSQLManager - Добавление данных в БД: {id=5, name='1', Coordinates={x=2.0232, y=12}, creationDate='2025-05-11T04:47:20.591330+03:00[Europe/Moscow]', oscarsCount=122, genre='DRAMA', mpaaRating='G', operator=null}...
2025-05-17 00:27:14 [pool-2-thread-1] INFO  server.managers.PSQLManager - SSH туннель установлен
2025-05-17 00:27:14 [pool-2-thread-1] INFO  server.managers.PSQLManager - БД подключена
2025-05-17 00:27:14 [pool-2-thread-1] DEBUG server.managers.PSQLManager - Данные в БД добавлены
2025-05-17 00:27:14 [pool-2-thread-1] DEBUG server.managers.PSQLManager - Отключение от БД
2025-05-17 00:27:14 [pool-2-thread-1] INFO  server.commands.Update - Команда выполнена
2025-05-17 00:27:14 [Thread-35] DEBUG server.server.UDPDatagramChannel - Сервер отправляет ответ...
2025-05-17 00:27:14 [Thread-35] DEBUG server.server.UDPDatagramChannel - Сервер отправил пакет: Response{message="[32mЭлемент с id 5 успешно обновлен
[0m", type=PRINT_MESSAGE, collection=null}
2025-05-17 00:27:14 [Timer-6] DEBUG client.client.UDPClient - Ответ получен: Response{message="[32mЭлемент с id 5 успешно обновлен
[0m", type=PRINT_MESSAGE, collection=null}
2025-05-17 00:27:28 [main] INFO  client.client.UDPClient - Запуск клиента...
2025-05-17 00:27:28 [main] INFO  client.client.UDPClient - Клиент запущен
2025-05-17 00:27:36 [main] INFO  client.client.UDPClient - Запуск клиента...
2025-05-17 00:27:36 [main] INFO  client.client.UDPClient - Клиент запущен
2025-05-17 00:27:38 [AWT-EventQueue-0] DEBUG client.client.UDPClient - Отправка запроса на сервер...
2025-05-17 00:27:38 [main] DEBUG server.server.UDPDatagramChannel - Сервер ожидает пакет...
2025-05-17 00:27:38 [main] DEBUG server.server.UDPDatagramChannel - Клиент с адресом /192.168.0.13:57242 подключился
2025-05-17 00:27:38 [main] DEBUG server.server.UDPDatagramChannel - Сервер получил пакет: Request{message="log_in", data="null" clientAddress="/192.168.0.13:57242"} 
2025-05-17 00:27:38 [AWT-EventQueue-0] DEBUG client.client.UDPClient - Запрос отправлен: Request{message="log_in", data="null" clientAddress="/192.168.0.13:57242"}
2025-05-17 00:27:38 [AWT-EventQueue-0] DEBUG client.client.UDPClient - Ожидание ответа от сервера...
2025-05-17 00:27:39 [pool-2-thread-1] INFO  server.managers.PSQLManager - SSH туннель установлен
2025-05-17 00:27:39 [pool-2-thread-1] INFO  server.managers.PSQLManager - БД подключена
2025-05-17 00:27:39 [pool-2-thread-1] DEBUG server.managers.PSQLManager - Отключение от БД
2025-05-17 00:27:39 [Thread-40] DEBUG server.server.UDPDatagramChannel - Сервер отправляет ответ...
2025-05-17 00:27:39 [Thread-40] DEBUG server.server.UDPDatagramChannel - Сервер отправил пакет: Response{message="authorizationIsSuccessful", type=PRINT_MESSAGE, collection=null}
2025-05-17 00:27:39 [AWT-EventQueue-0] DEBUG client.client.UDPClient - Ответ получен: Response{message="authorizationIsSuccessful", type=PRINT_MESSAGE, collection=null}
2025-05-17 00:27:39 [AWT-EventQueue-0] DEBUG client.client.UDPClient - Отправка запроса на сервер...
2025-05-17 00:27:39 [main] DEBUG server.server.UDPDatagramChannel - Сервер ожидает пакет...
2025-05-17 00:27:39 [main] DEBUG server.server.UDPDatagramChannel - Клиент с адресом /192.168.0.13:57242 подключился
2025-05-17 00:27:39 [AWT-EventQueue-0] DEBUG client.client.UDPClient - Запрос отправлен: Request{message="show", data="null" clientAddress="/192.168.0.13:57242"}
2025-05-17 00:27:39 [AWT-EventQueue-0] DEBUG client.client.UDPClient - Ожидание ответа от сервера...
2025-05-17 00:27:39 [main] DEBUG server.server.UDPDatagramChannel - Сервер получил пакет: Request{message="show", data="null" clientAddress="/192.168.0.13:57242"} 
2025-05-17 00:27:39 [Thread-42] DEBUG server.server.UDPDatagramChannel - Сервер отправляет ответ...
2025-05-17 00:27:39 [Thread-42] DEBUG server.server.UDPDatagramChannel - Сервер отправил пакет: Response{message="", type=COLLECTION, collection=[{id=5, name='1', Coordinates={x=2.0232, y=12}, creationDate='2025-05-11T04:47:20.591330+03:00[Europe/Moscow]', oscarsCount=122, genre='DRAMA', mpaaRating='G', operator=null}, {id=4, name='salix', Coordinates={x=3.0, y=13}, creationDate='2025-05-11T19:48:16.976063+03:00[Europe/Moscow]', oscarsCount=2, genre='MUSICAL', mpaaRating='PG_13', operator=null}, {id=2, name='3', Coordinates={x=3.0, y=3}, creationDate='2025-04-27T18:17:11.632041+03:00[Europe/Moscow]', oscarsCount=3, genre='HORROR', mpaaRating='PG_13', operator=null}]}
2025-05-17 00:27:39 [AWT-EventQueue-0] DEBUG client.client.UDPClient - Ответ получен: Response{message="", type=COLLECTION, collection=[{id=5, name='1', Coordinates={x=2.0232, y=12}, creationDate='2025-05-11T04:47:20.591330+03:00[Europe/Moscow]', oscarsCount=122, genre='DRAMA', mpaaRating='G', operator=null}, {id=4, name='salix', Coordinates={x=3.0, y=13}, creationDate='2025-05-11T19:48:16.976063+03:00[Europe/Moscow]', oscarsCount=2, genre='MUSICAL', mpaaRating='PG_13', operator=null}, {id=2, name='3', Coordinates={x=3.0, y=3}, creationDate='2025-04-27T18:17:11.632041+03:00[Europe/Moscow]', oscarsCount=3, genre='HORROR', mpaaRating='PG_13', operator=null}]}
2025-05-17 00:27:39 [AWT-EventQueue-0] DEBUG client.client.UDPClient - Отправка запроса на сервер...
2025-05-17 00:27:39 [main] DEBUG server.server.UDPDatagramChannel - Сервер ожидает пакет...
2025-05-17 00:27:39 [main] DEBUG server.server.UDPDatagramChannel - Клиент с адресом /192.168.0.13:57242 подключился
2025-05-17 00:27:39 [AWT-EventQueue-0] DEBUG client.client.UDPClient - Запрос отправлен: Request{message="show", data="null" clientAddress="/192.168.0.13:57242"}
2025-05-17 00:27:39 [AWT-EventQueue-0] DEBUG client.client.UDPClient - Ожидание ответа от сервера...
2025-05-17 00:27:39 [main] DEBUG server.server.UDPDatagramChannel - Сервер получил пакет: Request{message="show", data="null" clientAddress="/192.168.0.13:57242"} 
2025-05-17 00:27:39 [Thread-44] DEBUG server.server.UDPDatagramChannel - Сервер отправляет ответ...
2025-05-17 00:27:39 [Thread-44] DEBUG server.server.UDPDatagramChannel - Сервер отправил пакет: Response{message="", type=COLLECTION, collection=[{id=5, name='1', Coordinates={x=2.0232, y=12}, creationDate='2025-05-11T04:47:20.591330+03:00[Europe/Moscow]', oscarsCount=122, genre='DRAMA', mpaaRating='G', operator=null}, {id=4, name='salix', Coordinates={x=3.0, y=13}, creationDate='2025-05-11T19:48:16.976063+03:00[Europe/Moscow]', oscarsCount=2, genre='MUSICAL', mpaaRating='PG_13', operator=null}, {id=2, name='3', Coordinates={x=3.0, y=3}, creationDate='2025-04-27T18:17:11.632041+03:00[Europe/Moscow]', oscarsCount=3, genre='HORROR', mpaaRating='PG_13', operator=null}]}
2025-05-17 00:27:39 [AWT-EventQueue-0] DEBUG client.client.UDPClient - Ответ получен: Response{message="", type=COLLECTION, collection=[{id=5, name='1', Coordinates={x=2.0232, y=12}, creationDate='2025-05-11T04:47:20.591330+03:00[Europe/Moscow]', oscarsCount=122, genre='DRAMA', mpaaRating='G', operator=null}, {id=4, name='salix', Coordinates={x=3.0, y=13}, creationDate='2025-05-11T19:48:16.976063+03:00[Europe/Moscow]', oscarsCount=2, genre='MUSICAL', mpaaRating='PG_13', operator=null}, {id=2, name='3', Coordinates={x=3.0, y=3}, creationDate='2025-04-27T18:17:11.632041+03:00[Europe/Moscow]', oscarsCount=3, genre='HORROR', mpaaRating='PG_13', operator=null}]}
2025-05-17 00:28:02 [Timer-2] DEBUG client.client.UDPClient - Отправка запроса на сервер...
2025-05-17 00:28:02 [main] DEBUG server.server.UDPDatagramChannel - Сервер ожидает пакет...
2025-05-17 00:28:02 [main] DEBUG server.server.UDPDatagramChannel - Клиент с адресом /192.168.0.13:57242 подключился
2025-05-17 00:28:02 [Timer-2] DEBUG client.client.UDPClient - Запрос отправлен: Request{message="update 5", data="{id=5, name='1', Coordinates={x=2.0232, y=12}, creationDate='2025-05-11T04:47:20.591330+03:00[Europe/Moscow]', oscarsCount=122, genre='DRAMA', mpaaRating='G', operator=null}" clientAddress="/192.168.0.13:57242"}
2025-05-17 00:28:02 [Timer-2] DEBUG client.client.UDPClient - Ожидание ответа от сервера...
2025-05-17 00:28:02 [main] DEBUG server.server.UDPDatagramChannel - Сервер получил пакет: Request{message="update 5", data="{id=5, name='1', Coordinates={x=2.0232, y=12}, creationDate='2025-05-11T04:47:20.591330+03:00[Europe/Moscow]', oscarsCount=122, genre='DRAMA', mpaaRating='G', operator=null}" clientAddress="/192.168.0.13:57242"} 
2025-05-17 00:28:02 [pool-2-thread-1] INFO  server.commands.Update - Выполнение команды...
2025-05-17 00:28:02 [pool-2-thread-1] INFO  server.managers.PSQLManager - SSH туннель установлен
2025-05-17 00:28:03 [pool-2-thread-1] INFO  server.managers.PSQLManager - БД подключена
2025-05-17 00:28:03 [pool-2-thread-1] DEBUG server.managers.PSQLManager - Отключение от БД
2025-05-17 00:28:03 [pool-2-thread-1] DEBUG server.managers.PSQLManager - Добавление данных в БД: {id=5, name='1', Coordinates={x=2.0232, y=12}, creationDate='2025-05-11T04:47:20.591330+03:00[Europe/Moscow]', oscarsCount=122, genre='DRAMA', mpaaRating='G', operator=null}...
2025-05-17 00:28:03 [pool-2-thread-1] INFO  server.managers.PSQLManager - SSH туннель установлен
2025-05-17 00:28:03 [pool-2-thread-1] INFO  server.managers.PSQLManager - БД подключена
2025-05-17 00:28:03 [pool-2-thread-1] DEBUG server.managers.PSQLManager - Данные в БД добавлены
2025-05-17 00:28:03 [pool-2-thread-1] DEBUG server.managers.PSQLManager - Отключение от БД
2025-05-17 00:28:03 [pool-2-thread-1] INFO  server.commands.Update - Команда выполнена
2025-05-17 00:28:03 [Thread-52] DEBUG server.server.UDPDatagramChannel - Сервер отправляет ответ...
2025-05-17 00:28:03 [Thread-52] DEBUG server.server.UDPDatagramChannel - Сервер отправил пакет: Response{message="[32mЭлемент с id 5 успешно обновлен
[0m", type=PRINT_MESSAGE, collection=null}
2025-05-17 00:28:03 [Timer-2] DEBUG client.client.UDPClient - Ответ получен: Response{message="[32mЭлемент с id 5 успешно обновлен
[0m", type=PRINT_MESSAGE, collection=null}
2025-05-17 00:28:18 [Timer-4] DEBUG client.client.UDPClient - Отправка запроса на сервер...
2025-05-17 00:28:18 [main] DEBUG server.server.UDPDatagramChannel - Сервер ожидает пакет...
2025-05-17 00:28:18 [main] DEBUG server.server.UDPDatagramChannel - Клиент с адресом /192.168.0.13:57242 подключился
2025-05-17 00:28:18 [Timer-4] DEBUG client.client.UDPClient - Запрос отправлен: Request{message="update 5", data="{id=5, name='1', Coordinates={x=2.02323, y=12}, creationDate='2025-05-11T04:47:20.591330+03:00[Europe/Moscow]', oscarsCount=122, genre='DRAMA', mpaaRating='G', operator=null}" clientAddress="/192.168.0.13:57242"}
2025-05-17 00:28:18 [Timer-4] DEBUG client.client.UDPClient - Ожидание ответа от сервера...
2025-05-17 00:28:18 [main] DEBUG server.server.UDPDatagramChannel - Сервер получил пакет: Request{message="update 5", data="{id=5, name='1', Coordinates={x=2.02323, y=12}, creationDate='2025-05-11T04:47:20.591330+03:00[Europe/Moscow]', oscarsCount=122, genre='DRAMA', mpaaRating='G', operator=null}" clientAddress="/192.168.0.13:57242"} 
2025-05-17 00:28:18 [pool-2-thread-1] INFO  server.commands.Update - Выполнение команды...
2025-05-17 00:28:18 [pool-2-thread-1] INFO  server.managers.PSQLManager - SSH туннель установлен
2025-05-17 00:28:18 [pool-2-thread-1] INFO  server.managers.PSQLManager - БД подключена
2025-05-17 00:28:18 [pool-2-thread-1] DEBUG server.managers.PSQLManager - Отключение от БД
2025-05-17 00:28:18 [pool-2-thread-1] DEBUG server.managers.PSQLManager - Добавление данных в БД: {id=5, name='1', Coordinates={x=2.02323, y=12}, creationDate='2025-05-11T04:47:20.591330+03:00[Europe/Moscow]', oscarsCount=122, genre='DRAMA', mpaaRating='G', operator=null}...
2025-05-17 00:28:19 [pool-2-thread-1] INFO  server.managers.PSQLManager - SSH туннель установлен
2025-05-17 00:28:19 [pool-2-thread-1] INFO  server.managers.PSQLManager - БД подключена
2025-05-17 00:28:19 [pool-2-thread-1] DEBUG server.managers.PSQLManager - Данные в БД добавлены
2025-05-17 00:28:19 [pool-2-thread-1] DEBUG server.managers.PSQLManager - Отключение от БД
2025-05-17 00:28:19 [pool-2-thread-1] INFO  server.commands.Update - Команда выполнена
2025-05-17 00:28:19 [Thread-60] DEBUG server.server.UDPDatagramChannel - Сервер отправляет ответ...
2025-05-17 00:28:19 [Thread-60] DEBUG server.server.UDPDatagramChannel - Сервер отправил пакет: Response{message="[32mЭлемент с id 5 успешно обновлен
[0m", type=PRINT_MESSAGE, collection=null}
2025-05-17 00:28:19 [Timer-4] DEBUG client.client.UDPClient - Ответ получен: Response{message="[32mЭлемент с id 5 успешно обновлен
[0m", type=PRINT_MESSAGE, collection=null}
2025-05-17 00:28:20 [Timer-6] DEBUG client.client.UDPClient - Отправка запроса на сервер...
2025-05-17 00:28:20 [main] DEBUG server.server.UDPDatagramChannel - Сервер ожидает пакет...
2025-05-17 00:28:20 [main] DEBUG server.server.UDPDatagramChannel - Клиент с адресом /192.168.0.13:57242 подключился
2025-05-17 00:28:20 [Timer-6] DEBUG client.client.UDPClient - Запрос отправлен: Request{message="update 5", data="{id=5, name='1', Coordinates={x=2.023232, y=12}, creationDate='2025-05-11T04:47:20.591330+03:00[Europe/Moscow]', oscarsCount=122, genre='DRAMA', mpaaRating='G', operator=null}" clientAddress="/192.168.0.13:57242"}
2025-05-17 00:28:20 [Timer-6] DEBUG client.client.UDPClient - Ожидание ответа от сервера...
2025-05-17 00:28:20 [main] DEBUG server.server.UDPDatagramChannel - Сервер получил пакет: Request{message="update 5", data="{id=5, name='1', Coordinates={x=2.023232, y=12}, creationDate='2025-05-11T04:47:20.591330+03:00[Europe/Moscow]', oscarsCount=122, genre='DRAMA', mpaaRating='G', operator=null}" clientAddress="/192.168.0.13:57242"} 
2025-05-17 00:28:20 [pool-2-thread-1] INFO  server.commands.Update - Выполнение команды...
2025-05-17 00:28:20 [pool-2-thread-1] INFO  server.managers.PSQLManager - SSH туннель установлен
2025-05-17 00:28:21 [pool-2-thread-1] INFO  server.managers.PSQLManager - БД подключена
2025-05-17 00:28:21 [pool-2-thread-1] DEBUG server.managers.PSQLManager - Отключение от БД
2025-05-17 00:28:21 [pool-2-thread-1] DEBUG server.managers.PSQLManager - Добавление данных в БД: {id=5, name='1', Coordinates={x=2.023232, y=12}, creationDate='2025-05-11T04:47:20.591330+03:00[Europe/Moscow]', oscarsCount=122, genre='DRAMA', mpaaRating='G', operator=null}...
2025-05-17 00:28:21 [pool-2-thread-1] INFO  server.managers.PSQLManager - SSH туннель установлен
2025-05-17 00:28:21 [pool-2-thread-1] INFO  server.managers.PSQLManager - БД подключена
2025-05-17 00:28:21 [pool-2-thread-1] DEBUG server.managers.PSQLManager - Данные в БД добавлены
2025-05-17 00:28:21 [pool-2-thread-1] DEBUG server.managers.PSQLManager - Отключение от БД
2025-05-17 00:28:21 [pool-2-thread-1] INFO  server.commands.Update - Команда выполнена
2025-05-17 00:28:21 [Thread-68] DEBUG server.server.UDPDatagramChannel - Сервер отправляет ответ...
2025-05-17 00:28:21 [Thread-68] DEBUG server.server.UDPDatagramChannel - Сервер отправил пакет: Response{message="[32mЭлемент с id 5 успешно обновлен
[0m", type=PRINT_MESSAGE, collection=null}
2025-05-17 00:28:21 [Timer-6] DEBUG client.client.UDPClient - Ответ получен: Response{message="[32mЭлемент с id 5 успешно обновлен
[0m", type=PRINT_MESSAGE, collection=null}
2025-05-17 00:28:38 [Timer-8] DEBUG client.client.UDPClient - Отправка запроса на сервер...
2025-05-17 00:28:38 [main] DEBUG server.server.UDPDatagramChannel - Сервер ожидает пакет...
2025-05-17 00:28:38 [main] DEBUG server.server.UDPDatagramChannel - Клиент с адресом /192.168.0.13:57242 подключился
2025-05-17 00:28:38 [Timer-8] DEBUG client.client.UDPClient - Запрос отправлен: Request{message="update 5", data="{id=5, name='1upd', Coordinates={x=2.023232, y=12}, creationDate='2025-05-11T04:47:20.591330+03:00[Europe/Moscow]', oscarsCount=122, genre='DRAMA', mpaaRating='G', operator=null}" clientAddress="/192.168.0.13:57242"}
2025-05-17 00:28:38 [Timer-8] DEBUG client.client.UDPClient - Ожидание ответа от сервера...
2025-05-17 00:28:38 [main] DEBUG server.server.UDPDatagramChannel - Сервер получил пакет: Request{message="update 5", data="{id=5, name='1upd', Coordinates={x=2.023232, y=12}, creationDate='2025-05-11T04:47:20.591330+03:00[Europe/Moscow]', oscarsCount=122, genre='DRAMA', mpaaRating='G', operator=null}" clientAddress="/192.168.0.13:57242"} 
2025-05-17 00:28:38 [pool-2-thread-1] INFO  server.commands.Update - Выполнение команды...
2025-05-17 00:28:39 [pool-2-thread-1] INFO  server.managers.PSQLManager - SSH туннель установлен
2025-05-17 00:28:39 [pool-2-thread-1] INFO  server.managers.PSQLManager - БД подключена
2025-05-17 00:28:39 [pool-2-thread-1] DEBUG server.managers.PSQLManager - Отключение от БД
2025-05-17 00:28:39 [pool-2-thread-1] DEBUG server.managers.PSQLManager - Добавление данных в БД: {id=5, name='1upd', Coordinates={x=2.023232, y=12}, creationDate='2025-05-11T04:47:20.591330+03:00[Europe/Moscow]', oscarsCount=122, genre='DRAMA', mpaaRating='G', operator=null}...
2025-05-17 00:28:39 [pool-2-thread-1] INFO  server.managers.PSQLManager - SSH туннель установлен
2025-05-17 00:28:40 [pool-2-thread-1] INFO  server.managers.PSQLManager - БД подключена
2025-05-17 00:28:40 [pool-2-thread-1] DEBUG server.managers.PSQLManager - Данные в БД добавлены
2025-05-17 00:28:40 [pool-2-thread-1] DEBUG server.managers.PSQLManager - Отключение от БД
2025-05-17 00:28:40 [pool-2-thread-1] INFO  server.commands.Update - Команда выполнена
2025-05-17 00:28:40 [Thread-76] DEBUG server.server.UDPDatagramChannel - Сервер отправляет ответ...
2025-05-17 00:28:40 [Thread-76] DEBUG server.server.UDPDatagramChannel - Сервер отправил пакет: Response{message="[32mЭлемент с id 5 успешно обновлен
[0m", type=PRINT_MESSAGE, collection=null}
2025-05-17 00:28:40 [Timer-8] DEBUG client.client.UDPClient - Ответ получен: Response{message="[32mЭлемент с id 5 успешно обновлен
[0m", type=PRINT_MESSAGE, collection=null}
2025-05-17 00:28:54 [main] INFO  client.client.UDPClient - Запуск клиента...
2025-05-17 00:28:54 [main] INFO  client.client.UDPClient - Клиент запущен
2025-05-17 00:28:57 [AWT-EventQueue-0] DEBUG client.client.UDPClient - Отправка запроса на сервер...
2025-05-17 00:28:57 [main] DEBUG server.server.UDPDatagramChannel - Сервер ожидает пакет...
2025-05-17 00:28:57 [main] DEBUG server.server.UDPDatagramChannel - Клиент с адресом /192.168.0.13:53539 подключился
2025-05-17 00:28:57 [main] DEBUG server.server.UDPDatagramChannel - Сервер получил пакет: Request{message="log_in", data="null" clientAddress="/192.168.0.13:53539"} 
2025-05-17 00:28:57 [AWT-EventQueue-0] DEBUG client.client.UDPClient - Запрос отправлен: Request{message="log_in", data="null" clientAddress="/192.168.0.13:53539"}
2025-05-17 00:28:57 [AWT-EventQueue-0] DEBUG client.client.UDPClient - Ожидание ответа от сервера...
2025-05-17 00:28:57 [pool-2-thread-1] INFO  server.managers.PSQLManager - SSH туннель установлен
2025-05-17 00:28:58 [pool-2-thread-1] INFO  server.managers.PSQLManager - БД подключена
2025-05-17 00:28:58 [pool-2-thread-1] DEBUG server.managers.PSQLManager - Отключение от БД
2025-05-17 00:28:58 [Thread-81] DEBUG server.server.UDPDatagramChannel - Сервер отправляет ответ...
2025-05-17 00:28:58 [Thread-81] DEBUG server.server.UDPDatagramChannel - Сервер отправил пакет: Response{message="authorizationIsSuccessful", type=PRINT_MESSAGE, collection=null}
2025-05-17 00:28:58 [AWT-EventQueue-0] DEBUG client.client.UDPClient - Ответ получен: Response{message="authorizationIsSuccessful", type=PRINT_MESSAGE, collection=null}
2025-05-17 00:28:58 [AWT-EventQueue-0] DEBUG client.client.UDPClient - Отправка запроса на сервер...
2025-05-17 00:28:58 [main] DEBUG server.server.UDPDatagramChannel - Сервер ожидает пакет...
2025-05-17 00:28:58 [main] DEBUG server.server.UDPDatagramChannel - Клиент с адресом /192.168.0.13:53539 подключился
2025-05-17 00:28:58 [AWT-EventQueue-0] DEBUG client.client.UDPClient - Запрос отправлен: Request{message="show", data="null" clientAddress="/192.168.0.13:53539"}
2025-05-17 00:28:58 [AWT-EventQueue-0] DEBUG client.client.UDPClient - Ожидание ответа от сервера...
2025-05-17 00:28:58 [main] DEBUG server.server.UDPDatagramChannel - Сервер получил пакет: Request{message="show", data="null" clientAddress="/192.168.0.13:53539"} 
2025-05-17 00:28:58 [Thread-83] DEBUG server.server.UDPDatagramChannel - Сервер отправляет ответ...
2025-05-17 00:28:58 [Thread-83] DEBUG server.server.UDPDatagramChannel - Сервер отправил пакет: Response{message="", type=COLLECTION, collection=[{id=5, name='1upd', Coordinates={x=2.023232, y=12}, creationDate='2025-05-11T04:47:20.591330+03:00[Europe/Moscow]', oscarsCount=122, genre='DRAMA', mpaaRating='G', operator=null}, {id=4, name='salix', Coordinates={x=3.0, y=13}, creationDate='2025-05-11T19:48:16.976063+03:00[Europe/Moscow]', oscarsCount=2, genre='MUSICAL', mpaaRating='PG_13', operator=null}, {id=2, name='3', Coordinates={x=3.0, y=3}, creationDate='2025-04-27T18:17:11.632041+03:00[Europe/Moscow]', oscarsCount=3, genre='HORROR', mpaaRating='PG_13', operator=null}]}
2025-05-17 00:28:58 [AWT-EventQueue-0] DEBUG client.client.UDPClient - Ответ получен: Response{message="", type=COLLECTION, collection=[{id=5, name='1upd', Coordinates={x=2.023232, y=12}, creationDate='2025-05-11T04:47:20.591330+03:00[Europe/Moscow]', oscarsCount=122, genre='DRAMA', mpaaRating='G', operator=null}, {id=4, name='salix', Coordinates={x=3.0, y=13}, creationDate='2025-05-11T19:48:16.976063+03:00[Europe/Moscow]', oscarsCount=2, genre='MUSICAL', mpaaRating='PG_13', operator=null}, {id=2, name='3', Coordinates={x=3.0, y=3}, creationDate='2025-04-27T18:17:11.632041+03:00[Europe/Moscow]', oscarsCount=3, genre='HORROR', mpaaRating='PG_13', operator=null}]}
2025-05-17 00:28:58 [AWT-EventQueue-0] DEBUG client.client.UDPClient - Отправка запроса на сервер...
2025-05-17 00:28:58 [main] DEBUG server.server.UDPDatagramChannel - Сервер ожидает пакет...
2025-05-17 00:28:58 [main] DEBUG server.server.UDPDatagramChannel - Клиент с адресом /192.168.0.13:53539 подключился
2025-05-17 00:28:58 [AWT-EventQueue-0] DEBUG client.client.UDPClient - Запрос отправлен: Request{message="show", data="null" clientAddress="/192.168.0.13:53539"}
2025-05-17 00:28:58 [AWT-EventQueue-0] DEBUG client.client.UDPClient - Ожидание ответа от сервера...
2025-05-17 00:28:58 [main] DEBUG server.server.UDPDatagramChannel - Сервер получил пакет: Request{message="show", data="null" clientAddress="/192.168.0.13:53539"} 
2025-05-17 00:28:58 [Thread-85] DEBUG server.server.UDPDatagramChannel - Сервер отправляет ответ...
2025-05-17 00:28:58 [Thread-85] DEBUG server.server.UDPDatagramChannel - Сервер отправил пакет: Response{message="", type=COLLECTION, collection=[{id=5, name='1upd', Coordinates={x=2.023232, y=12}, creationDate='2025-05-11T04:47:20.591330+03:00[Europe/Moscow]', oscarsCount=122, genre='DRAMA', mpaaRating='G', operator=null}, {id=4, name='salix', Coordinates={x=3.0, y=13}, creationDate='2025-05-11T19:48:16.976063+03:00[Europe/Moscow]', oscarsCount=2, genre='MUSICAL', mpaaRating='PG_13', operator=null}, {id=2, name='3', Coordinates={x=3.0, y=3}, creationDate='2025-04-27T18:17:11.632041+03:00[Europe/Moscow]', oscarsCount=3, genre='HORROR', mpaaRating='PG_13', operator=null}]}
2025-05-17 00:28:58 [AWT-EventQueue-0] DEBUG client.client.UDPClient - Ответ получен: Response{message="", type=COLLECTION, collection=[{id=5, name='1upd', Coordinates={x=2.023232, y=12}, creationDate='2025-05-11T04:47:20.591330+03:00[Europe/Moscow]', oscarsCount=122, genre='DRAMA', mpaaRating='G', operator=null}, {id=4, name='salix', Coordinates={x=3.0, y=13}, creationDate='2025-05-11T19:48:16.976063+03:00[Europe/Moscow]', oscarsCount=2, genre='MUSICAL', mpaaRating='PG_13', operator=null}, {id=2, name='3', Coordinates={x=3.0, y=3}, creationDate='2025-04-27T18:17:11.632041+03:00[Europe/Moscow]', oscarsCount=3, genre='HORROR', mpaaRating='PG_13', operator=null}]}
